SF:/home/runner/work/package-manifest-generator/package-manifest-generator/Sources/PackageManifestGeneratorCore/CodableDefault.swift
FN:32,$ss22KeyedDecodingContainerV28PackageManifestGeneratorCoreE6decode_6forKeyAC14CodableDefaultVyqd__GAHm_xtKAC0kL6SourceRd__lF
FN:34,$ss22KeyedDecodingContainerV28PackageManifestGeneratorCoreE6decode_6forKeyAC14CodableDefaultVyqd__GAHm_xtKAC0kL6SourceRd__lFAH5ValueQyd__cfu_
FN:34,$ss22KeyedDecodingContainerV28PackageManifestGeneratorCoreE6decode_6forKeyAC14CodableDefaultVyqd__GAHm_xtKAC0kL6SourceRd__lFAHyKXEfu0_
FN:44,$ss22KeyedEncodingContainerV28PackageManifestGeneratorCoreE6encode_6forKeyyAC14CodableDefaultVyqd__G_xtKAC0kL6SourceRd__lF
FN:54,$s28PackageManifestGeneratorCore4TrueO7defaultSbvgZ
FN:59,$s28PackageManifestGeneratorCore5FalseO7defaultSbvgZ
FN:64,$s28PackageManifestGeneratorCore5EmptyO7defaultxvgZ
FN:69,$s28PackageManifestGeneratorCore10EmptyArrayO7defaultSayxGvgZ
FN:74,$s28PackageManifestGeneratorCore15EmptyDictionaryO7defaultSDyxq_GvgZ
FN:98,$s28PackageManifestGeneratorCore14CodableDefaultVACyxGycfC
FN:106,$s28PackageManifestGeneratorCore14CodableDefaultV12wrappedValueACyxG0H0Qz_tcfC
FNDA:15,$ss22KeyedDecodingContainerV28PackageManifestGeneratorCoreE6decode_6forKeyAC14CodableDefaultVyqd__GAHm_xtKAC0kL6SourceRd__lF
FNDA:7,$ss22KeyedDecodingContainerV28PackageManifestGeneratorCoreE6decode_6forKeyAC14CodableDefaultVyqd__GAHm_xtKAC0kL6SourceRd__lFAH5ValueQyd__cfu_
FNDA:8,$ss22KeyedDecodingContainerV28PackageManifestGeneratorCoreE6decode_6forKeyAC14CodableDefaultVyqd__GAHm_xtKAC0kL6SourceRd__lFAHyKXEfu0_
FNDA:5,$ss22KeyedEncodingContainerV28PackageManifestGeneratorCoreE6encode_6forKeyyAC14CodableDefaultVyqd__G_xtKAC0kL6SourceRd__lF
FNDA:4,$s28PackageManifestGeneratorCore4TrueO7defaultSbvgZ
FNDA:4,$s28PackageManifestGeneratorCore5FalseO7defaultSbvgZ
FNDA:4,$s28PackageManifestGeneratorCore5EmptyO7defaultxvgZ
FNDA:4,$s28PackageManifestGeneratorCore10EmptyArrayO7defaultSayxGvgZ
FNDA:4,$s28PackageManifestGeneratorCore15EmptyDictionaryO7defaultSDyxq_GvgZ
FNDA:51,$s28PackageManifestGeneratorCore14CodableDefaultVACyxGycfC
FNDA:26,$s28PackageManifestGeneratorCore14CodableDefaultV12wrappedValueACyxG0H0Qz_tcfC
FNF:11
FNH:11
DA:32,15
DA:33,15
DA:34,15
DA:35,15
DA:44,5
DA:45,5
DA:46,0
DA:47,0
DA:54,4
DA:59,4
DA:64,4
DA:69,4
DA:74,4
DA:98,51
DA:99,51
DA:100,51
DA:106,26
DA:107,26
DA:108,26
BRF:0
BRH:0
LF:21
LH:19
end_of_record
SF:/home/runner/work/package-manifest-generator/package-manifest-generator/Sources/PackageManifestGeneratorCore/Extensions.swift
FN:25,$sSa28PackageManifestGeneratorCoreSSRszlE13asSourceArray16indentationStyleSSAA011IndentationI0O_tF
FN:34,$sSl28PackageManifestGeneratorCoreE10isNotEmptySbvg
FN:55,$s5Files6FolderV28PackageManifestGeneratorCoreE07processA12InSubfolders5named9transformSayxGSgSS_xSgAC_20FoundationEssentials4DataVSgtKXEtKlF
FN:75,$s5Files6FolderV28PackageManifestGeneratorCoreE06targetB0yAcD15TargetDirectoryOKF
FN:86,$sSS28PackageManifestGeneratorCoreE8indented_5styleSSSi_AA16IndentationStyleOtF
FN:91,$sSS28PackageManifestGeneratorCoreE8indented_5styleSSSi_AA16IndentationStyleOtFS2SXEfU_
FN:96,$sSS28PackageManifestGeneratorCoreE6quotedSSyF
FN:103,$sSS28PackageManifestGeneratorCoreE16errorDescriptionSSSgvg
FNDA:5,$sSa28PackageManifestGeneratorCoreSSRszlE13asSourceArray16indentationStyleSSAA011IndentationI0O_tF
FNDA:6,$sSl28PackageManifestGeneratorCoreE10isNotEmptySbvg
FNDA:0,$s5Files6FolderV28PackageManifestGeneratorCoreE07processA12InSubfolders5named9transformSayxGSgSS_xSgAC_20FoundationEssentials4DataVSgtKXEtKlF
FNDA:0,$s5Files6FolderV28PackageManifestGeneratorCoreE06targetB0yAcD15TargetDirectoryOKF
FNDA:8,$sSS28PackageManifestGeneratorCoreE8indented_5styleSSSi_AA16IndentationStyleOtF
FNDA:28,$sSS28PackageManifestGeneratorCoreE8indented_5styleSSSi_AA16IndentationStyleOtFS2SXEfU_
FNDA:39,$sSS28PackageManifestGeneratorCoreE6quotedSSyF
FNDA:0,$sSS28PackageManifestGeneratorCoreE16errorDescriptionSSSgvg
FNF:8
FNH:5
DA:25,5
DA:26,5
DA:27,5
DA:28,5
DA:29,5
DA:34,6
DA:35,6
DA:36,6
DA:55,0
DA:56,0
DA:57,0
DA:58,0
DA:59,0
DA:60,0
DA:61,0
DA:62,0
DA:63,0
DA:64,0
DA:65,0
DA:66,0
DA:67,0
DA:68,0
DA:69,0
DA:75,0
DA:76,0
DA:77,0
DA:86,8
DA:87,8
DA:88,8
DA:89,8
DA:90,8
DA:91,28
DA:92,8
DA:93,8
DA:96,39
DA:97,39
DA:98,39
DA:103,0
DA:104,0
DA:105,0
BRF:0
BRH:0
LF:41
LH:20
end_of_record
SF:/home/runner/work/package-manifest-generator/package-manifest-generator/Sources/PackageManifestGeneratorCore/ManifestHandler.swift
FN:16,$s28PackageManifestGeneratorCore0B7HandlerV18packageDeclarationSSvgZ
FN:36,$s28PackageManifestGeneratorCore0B7HandlerV13defaultSuffixSSvgZ
FN:49,$s28PackageManifestGeneratorCore0B7HandlerV10components2ofSS_SSSgtSS_tKFZ
FN:52,$s28PackageManifestGeneratorCore0B7HandlerV10components2ofSS_SSSgtSS_tKFZS2SXEfU_
FN:69,$s28PackageManifestGeneratorCore0B7HandlerV10components2ofSS_SSSgtSS_tKFZS2SXEfU0_
FN:95,$s28PackageManifestGeneratorCore0B7HandlerV8assemble6prefix9generated6suffixS2S_S2SSgtFZ
FN:101,$s28PackageManifestGeneratorCore0B7HandlerV8assemble6prefix9generated6suffixS2S_S2SSgtFZSSyKXEfu_
FNDA:4,$s28PackageManifestGeneratorCore0B7HandlerV18packageDeclarationSSvgZ
FNDA:1,$s28PackageManifestGeneratorCore0B7HandlerV13defaultSuffixSSvgZ
FNDA:4,$s28PackageManifestGeneratorCore0B7HandlerV10components2ofSS_SSSgtSS_tKFZ
FNDA:6,$s28PackageManifestGeneratorCore0B7HandlerV10components2ofSS_SSSgtSS_tKFZS2SXEfU_
FNDA:3,$s28PackageManifestGeneratorCore0B7HandlerV10components2ofSS_SSSgtSS_tKFZS2SXEfU0_
FNDA:2,$s28PackageManifestGeneratorCore0B7HandlerV8assemble6prefix9generated6suffixS2S_S2SSgtFZ
FNDA:1,$s28PackageManifestGeneratorCore0B7HandlerV8assemble6prefix9generated6suffixS2S_S2SSgtFZSSyKXEfu_
FNF:7
FNH:7
DA:16,4
DA:17,4
DA:18,4
DA:36,1
DA:37,1
DA:38,1
DA:39,1
DA:40,1
DA:41,1
DA:49,4
DA:50,4
DA:51,4
DA:52,6
DA:53,4
DA:54,4
DA:55,0
DA:56,4
DA:57,4
DA:58,1
DA:59,3
DA:60,3
DA:61,3
DA:62,3
DA:63,3
DA:64,1
DA:65,3
DA:66,3
DA:67,2
DA:68,2
DA:69,3
DA:70,2
DA:71,2
DA:72,2
DA:73,1
DA:74,1
DA:75,1
DA:76,2
DA:77,2
DA:78,1
DA:79,2
DA:80,3
DA:81,3
DA:82,0
DA:83,3
DA:84,2
DA:85,2
DA:86,4
DA:95,2
DA:96,2
DA:97,2
DA:98,2
DA:99,2
DA:100,2
DA:101,2
DA:102,2
DA:103,2
BRF:0
BRH:0
LF:59
LH:57
end_of_record
SF:/home/runner/work/package-manifest-generator/package-manifest-generator/Sources/PackageManifestGeneratorCore/Models/Configuration.swift
FN:25,$s28PackageManifestGeneratorCore13ConfigurationV4pathSSvg
FNDA:1,$s28PackageManifestGeneratorCore13ConfigurationV4pathSSvg
FNF:1
FNH:1
DA:25,1
DA:26,1
DA:27,1
BRF:0
BRH:0
LF:3
LH:3
end_of_record
SF:/home/runner/work/package-manifest-generator/package-manifest-generator/Sources/PackageManifestGeneratorCore/Models/Configurations/GeneratorConfiguration.swift
FN:30,$s28PackageManifestGeneratorCore0C13ConfigurationV16indentationStyle06targetE4NameAcA011IndentationG0O_SStcfC
FNDA:2,$s28PackageManifestGeneratorCore0C13ConfigurationV16indentationStyle06targetE4NameAcA011IndentationG0O_SStcfC
FNF:1
FNH:1
DA:30,2
DA:31,2
DA:32,2
DA:33,2
BRF:0
BRH:0
LF:4
LH:4
end_of_record
SF:/home/runner/work/package-manifest-generator/package-manifest-generator/Sources/PackageManifestGeneratorCore/Models/Configurations/SourceConfiguration.swift
FN:24,$s28PackageManifestGeneratorCore19SourceConfigurationV11ProductTypeO7defaultAEvgZ
FN:50,$s28PackageManifestGeneratorCore19SourceConfigurationV7ProductV4type4name7targetsAeC0G4TypeO_SSSgSaySSGSgtcfC
FN:64,$s28PackageManifestGeneratorCore19SourceConfigurationV10TargetTypeO7defaultAEvgZ
FN:88,$s28PackageManifestGeneratorCore19SourceConfigurationV4type6target8productsA2C10TargetTypeO_AA0jF0VSgSayAC7ProductVGSgtcfC
FNDA:9,$s28PackageManifestGeneratorCore19SourceConfigurationV11ProductTypeO7defaultAEvgZ
FNDA:7,$s28PackageManifestGeneratorCore19SourceConfigurationV7ProductV4type4name7targetsAeC0G4TypeO_SSSgSaySSGSgtcfC
FNDA:7,$s28PackageManifestGeneratorCore19SourceConfigurationV10TargetTypeO7defaultAEvgZ
FNDA:4,$s28PackageManifestGeneratorCore19SourceConfigurationV4type6target8productsA2C10TargetTypeO_AA0jF0VSgSayAC7ProductVGSgtcfC
FNF:4
FNH:4
DA:24,9
DA:25,9
DA:26,9
DA:50,7
DA:51,7
DA:52,7
DA:53,7
DA:54,7
DA:64,7
DA:65,7
DA:66,7
DA:88,4
DA:89,4
DA:90,4
DA:91,4
DA:92,4
BRF:0
BRH:0
LF:16
LH:16
end_of_record
SF:/home/runner/work/package-manifest-generator/package-manifest-generator/Sources/PackageManifestGeneratorCore/Models/Configurations/TargetConfiguration.swift
FN:38,$s28PackageManifestGeneratorCore23DependencyConfigurationV4name4type7packageACSS_AC0E4TypeOSSSgtcfC
FN:44,$s28PackageManifestGeneratorCore23DependencyConfigurationV4fromACs7Decoder_p_tKcfC
FN:71,$s28PackageManifestGeneratorCore23DependencyConfigurationV13stringLiteralACSS_tcfC
FN:91,$s28PackageManifestGeneratorCore24PluginUsageConfigurationV4name7packageACSS_SSSgtcfC
FN:106,$s28PackageManifestGeneratorCore21ResourceConfigurationV4RuleO7defaultAEvgZ
FN:132,$s28PackageManifestGeneratorCore21ResourceConfigurationV9isProcessSbvg
FN:142,$s28PackageManifestGeneratorCore21ResourceConfigurationV4rule4path12localizationA2C4RuleO_SSAC12LocalizationOSgtcfC
FN:197,$s28PackageManifestGeneratorCore19TargetConfigurationV4name12dependencies4path7exclude7sources9resources13packageAccess7pluginsACSSSg_SayAA010DependencyF0VGSgALSaySSGSgARSayAA08ResourceF0VGSgSbSgSayAA011PluginUsageF0VGSgtcfC
FNDA:6,$s28PackageManifestGeneratorCore23DependencyConfigurationV4name4type7packageACSS_AC0E4TypeOSSSgtcfC
FNDA:3,$s28PackageManifestGeneratorCore23DependencyConfigurationV4fromACs7Decoder_p_tKcfC
FNDA:0,$s28PackageManifestGeneratorCore23DependencyConfigurationV13stringLiteralACSS_tcfC
FNDA:2,$s28PackageManifestGeneratorCore24PluginUsageConfigurationV4name7packageACSS_SSSgtcfC
FNDA:10,$s28PackageManifestGeneratorCore21ResourceConfigurationV4RuleO7defaultAEvgZ
FNDA:6,$s28PackageManifestGeneratorCore21ResourceConfigurationV9isProcessSbvg
FNDA:8,$s28PackageManifestGeneratorCore21ResourceConfigurationV4rule4path12localizationA2C4RuleO_SSAC12LocalizationOSgtcfC
FNDA:7,$s28PackageManifestGeneratorCore19TargetConfigurationV4name12dependencies4path7exclude7sources9resources13packageAccess7pluginsACSSSg_SayAA010DependencyF0VGSgALSaySSGSgARSayAA08ResourceF0VGSgSbSgSayAA011PluginUsageF0VGSgtcfC
FNF:8
FNH:7
DA:38,6
DA:39,6
DA:40,6
DA:41,6
DA:42,6
DA:44,3
DA:45,3
DA:46,3
DA:47,1
DA:48,1
DA:49,1
DA:50,1
DA:51,2
DA:52,2
DA:53,2
DA:54,2
DA:55,2
DA:56,2
DA:57,2
DA:58,2
DA:59,2
DA:60,1
DA:61,1
DA:62,1
DA:63,1
DA:64,1
DA:65,1
DA:66,3
DA:67,3
DA:71,0
DA:72,0
DA:73,0
DA:74,0
DA:75,0
DA:91,2
DA:92,2
DA:93,2
DA:94,2
DA:106,10
DA:107,10
DA:108,10
DA:132,6
DA:133,6
DA:134,6
DA:142,8
DA:143,8
DA:144,8
DA:145,8
DA:146,8
DA:197,7
DA:198,7
DA:199,7
DA:200,7
DA:201,7
DA:202,7
DA:203,7
DA:204,7
DA:205,7
DA:206,7
BRF:0
BRH:0
LF:59
LH:54
end_of_record
SF:/home/runner/work/package-manifest-generator/package-manifest-generator/Sources/PackageManifestGeneratorCore/Models/Configurations/TestConfiguration.swift
FN:19,$s28PackageManifestGeneratorCore17TestConfigurationV6targetAcA06TargetF0VSg_tcfC
FNDA:1,$s28PackageManifestGeneratorCore17TestConfigurationV6targetAcA06TargetF0VSg_tcfC
FNF:1
FNH:1
DA:19,1
DA:20,1
DA:21,1
BRF:0
BRH:0
LF:3
LH:3
end_of_record
SF:/home/runner/work/package-manifest-generator/package-manifest-generator/Sources/PackageManifestGeneratorCore/Models/IndentationStyle.swift
FN:20,$s28PackageManifestGeneratorCore16IndentationStyleO6sourceSSvg
FN:28,$s28PackageManifestGeneratorCore16IndentationStyleO7defaultACvgZ
FNDA:8,$s28PackageManifestGeneratorCore16IndentationStyleO6sourceSSvg
FNDA:6,$s28PackageManifestGeneratorCore16IndentationStyleO7defaultACvgZ
FNF:2
FNH:2
DA:20,8
DA:21,8
DA:22,8
DA:23,8
DA:24,8
DA:25,8
DA:26,8
DA:28,6
DA:29,6
DA:30,6
BRF:0
BRH:0
LF:10
LH:10
end_of_record
SF:/home/runner/work/package-manifest-generator/package-manifest-generator/Sources/PackageManifestGeneratorCore/Models/Target.swift
FN:118,$s28PackageManifestGeneratorCore6TargetV4name4type13packageAccess4path7sources9resources7exclude12dependencies7pluginsACSS_AC0E4TypeOSbSSSgSaySSGSgSayAC8ResourceVGSgAQSayAC10DependencyOGSgSayAC11PluginUsageVGSgtcfC
FNDA:9,$s28PackageManifestGeneratorCore6TargetV4name4type13packageAccess4path7sources9resources7exclude12dependencies7pluginsACSS_AC0E4TypeOSbSSSgSaySSGSgSayAC8ResourceVGSgAQSayAC10DependencyOGSgSayAC11PluginUsageVGSgtcfC
FNF:1
FNH:1
DA:118,9
DA:119,9
DA:120,9
DA:121,9
DA:122,9
DA:123,9
DA:124,9
DA:125,9
DA:126,9
DA:127,9
DA:128,9
BRF:0
BRH:0
LF:11
LH:11
end_of_record
SF:/home/runner/work/package-manifest-generator/package-manifest-generator/Sources/PackageManifestGeneratorCore/Models/TargetDirectory.swift
FN:20,$s28PackageManifestGeneratorCore15TargetDirectoryO4pathSSvg
FNDA:1,$s28PackageManifestGeneratorCore15TargetDirectoryO4pathSSvg
FNF:1
FNH:1
DA:20,1
DA:21,1
DA:22,1
BRF:0
BRH:0
LF:3
LH:3
end_of_record
SF:/home/runner/work/package-manifest-generator/package-manifest-generator/Sources/PackageManifestGeneratorCore/PackageManifestGenerator.swift
FN:19,$s28PackageManifestGeneratorCore0abC0V3run11packagePath13configurationySS_AA0C13ConfigurationVtYaKFZ
FN:28,$s28PackageManifestGeneratorCore0abC0V3run11packagePath13configurationySS_AA0C13ConfigurationVtYaKFZAA0I0VyAA06SourceI0VGSg5Files6FolderV_20FoundationEssentials4DataVSgtKXEfU_
FN:29,$s28PackageManifestGeneratorCore0abC0V3run11packagePath13configurationySS_AA0C13ConfigurationVtYaKFZAA0I0VyAA06SourceI0VGSg5Files6FolderV_20FoundationEssentials4DataVSgtKXEfU_AnTKXEfU_
FN:40,$s28PackageManifestGeneratorCore0abC0V3run11packagePath13configurationySS_AA0C13ConfigurationVtYaKFZAA0I0VyAA04TestI0VGSg5Files6FolderV_20FoundationEssentials4DataVSgtKXEfU0_
FN:41,$s28PackageManifestGeneratorCore0abC0V3run11packagePath13configurationySS_AA0C13ConfigurationVtYaKFZAA0I0VyAA04TestI0VGSg5Files6FolderV_20FoundationEssentials4DataVSgtKXEfU0_AnTKXEfU_
FN:74,$s28PackageManifestGeneratorCore0abC0V3run11packagePath013configurationG0ySS_SSSgtYaKFZ
FN:75,$s28PackageManifestGeneratorCore0abC0V3run11packagePath013configurationG0ySS_SSSgtYaKFZAA0C13ConfigurationVSgSSKXEfU_
FN:77,$s28PackageManifestGeneratorCore0abC0V3run11packagePath013configurationG0ySS_SSSgtYaKFZAA0C13ConfigurationVyKXEfu_
FNDA:0,$s28PackageManifestGeneratorCore0abC0V3run11packagePath13configurationySS_AA0C13ConfigurationVtYaKFZ
FNDA:0,$s28PackageManifestGeneratorCore0abC0V3run11packagePath13configurationySS_AA0C13ConfigurationVtYaKFZAA0I0VyAA06SourceI0VGSg5Files6FolderV_20FoundationEssentials4DataVSgtKXEfU_
FNDA:0,$s28PackageManifestGeneratorCore0abC0V3run11packagePath13configurationySS_AA0C13ConfigurationVtYaKFZAA0I0VyAA06SourceI0VGSg5Files6FolderV_20FoundationEssentials4DataVSgtKXEfU_AnTKXEfU_
FNDA:0,$s28PackageManifestGeneratorCore0abC0V3run11packagePath13configurationySS_AA0C13ConfigurationVtYaKFZAA0I0VyAA04TestI0VGSg5Files6FolderV_20FoundationEssentials4DataVSgtKXEfU0_
FNDA:0,$s28PackageManifestGeneratorCore0abC0V3run11packagePath13configurationySS_AA0C13ConfigurationVtYaKFZAA0I0VyAA04TestI0VGSg5Files6FolderV_20FoundationEssentials4DataVSgtKXEfU0_AnTKXEfU_
FNDA:0,$s28PackageManifestGeneratorCore0abC0V3run11packagePath013configurationG0ySS_SSSgtYaKFZ
FNDA:0,$s28PackageManifestGeneratorCore0abC0V3run11packagePath013configurationG0ySS_SSSgtYaKFZAA0C13ConfigurationVSgSSKXEfU_
FNDA:0,$s28PackageManifestGeneratorCore0abC0V3run11packagePath013configurationG0ySS_SSSgtYaKFZAA0C13ConfigurationVyKXEfu_
FNF:8
FNH:0
DA:19,0
DA:20,0
DA:21,0
DA:22,0
DA:23,0
DA:24,0
DA:25,0
DA:26,0
DA:27,0
DA:28,0
DA:29,0
DA:30,0
DA:31,0
DA:32,0
DA:33,0
DA:34,0
DA:35,0
DA:36,0
DA:37,0
DA:38,0
DA:39,0
DA:40,0
DA:41,0
DA:42,0
DA:43,0
DA:44,0
DA:45,0
DA:46,0
DA:47,0
DA:48,0
DA:49,0
DA:50,0
DA:51,0
DA:52,0
DA:53,0
DA:54,0
DA:55,0
DA:56,0
DA:57,0
DA:58,0
DA:59,0
DA:60,0
DA:61,0
DA:62,0
DA:63,0
DA:64,0
DA:65,0
DA:74,0
DA:75,0
DA:76,0
DA:77,0
DA:78,0
DA:79,0
DA:80,0
BRF:0
BRH:0
LF:90
LH:0
end_of_record
SF:/home/runner/work/package-manifest-generator/package-manifest-generator/Sources/PackageManifestGeneratorCore/SourceGenerator.swift
FN:26,$s28PackageManifestGeneratorCore06SourceC0V16indentationStyle23targetConfigurationNameAcA011IndentationG0O_SStcfC
FN:37,$s28PackageManifestGeneratorCore06SourceC0V14callAsFunction7targets8productsSSSayAA6TargetVG_SayAA7ProductVGSgtF
FN:38,$s28PackageManifestGeneratorCore06SourceC0V14callAsFunction7targets8productsSSSayAA6TargetVG_SayAA7ProductVGSgtFSSAKcfu_
FN:38,$s28PackageManifestGeneratorCore06SourceC0V14callAsFunction7targets8productsSSSayAA6TargetVG_SayAA7ProductVGSgtFSaySSGyKXEfu0_
FN:39,$s28PackageManifestGeneratorCore06SourceC0V14callAsFunction7targets8productsSSSayAA6TargetVG_SayAA7ProductVGSgtFSSAHcACcfu1_
FN:39,$s28PackageManifestGeneratorCore06SourceC0V14callAsFunction7targets8productsSSSayAA6TargetVG_SayAA7ProductVGSgtFSSAHcACcfu1_SSAHcfu2_
FN:56,$s28PackageManifestGeneratorCore06SourceC0V7productySSAA7ProductVFZ
FN:58,$s28PackageManifestGeneratorCore06SourceC0V7productySSAA7ProductVFZS2SXEfU_
FN:64,$s28PackageManifestGeneratorCore06SourceC0V7productySSAA7ProductVFZSSSgAF11LibraryTypeOXEfU0_
FN:64,$s28PackageManifestGeneratorCore06SourceC0V7productySSAA7ProductVFZSSyKXEfu_
FN:71,$s28PackageManifestGeneratorCore06SourceC0V10dependencyySSAA6TargetV10DependencyOFZ
FN:76,$s28PackageManifestGeneratorCore06SourceC0V10dependencyySSAA6TargetV10DependencyOFZSSSgSSXEfU_
FN:76,$s28PackageManifestGeneratorCore06SourceC0V10dependencyySSAA6TargetV10DependencyOFZSSyKXEfu_
FN:82,$s28PackageManifestGeneratorCore06SourceC0V8resourceySSAA6TargetV8ResourceVFZ
FN:90,$s28PackageManifestGeneratorCore06SourceC0V8resourceySSAA6TargetV8ResourceVFZSSSgAH12LocalizationOXEfU_
FN:90,$s28PackageManifestGeneratorCore06SourceC0V8resourceySSAA6TargetV8ResourceVFZSSyKXEfu_
FN:94,$s28PackageManifestGeneratorCore06SourceC0V6pluginySSAA6TargetV11PluginUsageVFZ
FN:96,$s28PackageManifestGeneratorCore06SourceC0V6pluginySSAA6TargetV11PluginUsageVFZSSSgSSXEfU_
FN:96,$s28PackageManifestGeneratorCore06SourceC0V6pluginySSAA6TargetV11PluginUsageVFZSSyKXEfu_
FN:102,$s28PackageManifestGeneratorCore06SourceC0V6targetySSAA6TargetVF
FN:106,$s28PackageManifestGeneratorCore06SourceC0V6targetySSAA6TargetVFSSAF10DependencyOcfu_
FN:119,$s28PackageManifestGeneratorCore06SourceC0V6targetySSAA6TargetVFS2SXEfU_
FN:125,$s28PackageManifestGeneratorCore06SourceC0V6targetySSAA6TargetVFS2SXEfU0_
FN:131,$s28PackageManifestGeneratorCore06SourceC0V6targetySSAA6TargetVFSSAF8ResourceVcfu0_
FN:136,$s28PackageManifestGeneratorCore06SourceC0V6targetySSAA6TargetVFSSAF11PluginUsageVcfu1_
FNDA:3,$s28PackageManifestGeneratorCore06SourceC0V16indentationStyle23targetConfigurationNameAcA011IndentationG0O_SStcfC
FNDA:0,$s28PackageManifestGeneratorCore06SourceC0V14callAsFunction7targets8productsSSSayAA6TargetVG_SayAA7ProductVGSgtF
FNDA:0,$s28PackageManifestGeneratorCore06SourceC0V14callAsFunction7targets8productsSSSayAA6TargetVG_SayAA7ProductVGSgtFSSAKcfu_
FNDA:0,$s28PackageManifestGeneratorCore06SourceC0V14callAsFunction7targets8productsSSSayAA6TargetVG_SayAA7ProductVGSgtFSaySSGyKXEfu0_
FNDA:0,$s28PackageManifestGeneratorCore06SourceC0V14callAsFunction7targets8productsSSSayAA6TargetVG_SayAA7ProductVGSgtFSSAHcACcfu1_
FNDA:0,$s28PackageManifestGeneratorCore06SourceC0V14callAsFunction7targets8productsSSSayAA6TargetVG_SayAA7ProductVGSgtFSSAHcACcfu1_SSAHcfu2_
FNDA:6,$s28PackageManifestGeneratorCore06SourceC0V7productySSAA7ProductVFZ
FNDA:7,$s28PackageManifestGeneratorCore06SourceC0V7productySSAA7ProductVFZS2SXEfU_
FNDA:2,$s28PackageManifestGeneratorCore06SourceC0V7productySSAA7ProductVFZSSSgAF11LibraryTypeOXEfU0_
FNDA:2,$s28PackageManifestGeneratorCore06SourceC0V7productySSAA7ProductVFZSSyKXEfu_
FNDA:6,$s28PackageManifestGeneratorCore06SourceC0V10dependencyySSAA6TargetV10DependencyOFZ
FNDA:2,$s28PackageManifestGeneratorCore06SourceC0V10dependencyySSAA6TargetV10DependencyOFZSSSgSSXEfU_
FNDA:1,$s28PackageManifestGeneratorCore06SourceC0V10dependencyySSAA6TargetV10DependencyOFZSSyKXEfu_
FNDA:6,$s28PackageManifestGeneratorCore06SourceC0V8resourceySSAA6TargetV8ResourceVFZ
FNDA:2,$s28PackageManifestGeneratorCore06SourceC0V8resourceySSAA6TargetV8ResourceVFZSSSgAH12LocalizationOXEfU_
FNDA:1,$s28PackageManifestGeneratorCore06SourceC0V8resourceySSAA6TargetV8ResourceVFZSSyKXEfu_
FNDA:3,$s28PackageManifestGeneratorCore06SourceC0V6pluginySSAA6TargetV11PluginUsageVFZ
FNDA:2,$s28PackageManifestGeneratorCore06SourceC0V6pluginySSAA6TargetV11PluginUsageVFZSSSgSSXEfU_
FNDA:1,$s28PackageManifestGeneratorCore06SourceC0V6pluginySSAA6TargetV11PluginUsageVFZSSyKXEfu_
FNDA:3,$s28PackageManifestGeneratorCore06SourceC0V6targetySSAA6TargetVF
FNDA:2,$s28PackageManifestGeneratorCore06SourceC0V6targetySSAA6TargetVFSSAF10DependencyOcfu_
FNDA:1,$s28PackageManifestGeneratorCore06SourceC0V6targetySSAA6TargetVFS2SXEfU_
FNDA:2,$s28PackageManifestGeneratorCore06SourceC0V6targetySSAA6TargetVFS2SXEfU0_
FNDA:1,$s28PackageManifestGeneratorCore06SourceC0V6targetySSAA6TargetVFSSAF8ResourceVcfu0_
FNDA:1,$s28PackageManifestGeneratorCore06SourceC0V6targetySSAA6TargetVFSSAF11PluginUsageVcfu1_
FNF:24
FNH:20
DA:26,3
DA:27,3
DA:28,3
DA:29,3
DA:37,0
DA:38,0
DA:39,0
DA:40,0
DA:41,0
DA:42,0
DA:43,0
DA:44,0
DA:45,0
DA:46,0
DA:47,0
DA:48,0
DA:49,0
DA:50,0
DA:56,6
DA:57,6
DA:58,7
DA:59,6
DA:60,6
DA:61,1
DA:62,6
DA:63,4
DA:64,4
DA:65,4
DA:66,6
DA:67,1
DA:68,6
DA:69,6
DA:71,6
DA:72,6
DA:73,6
DA:74,2
DA:75,6
DA:76,3
DA:77,6
DA:78,1
DA:79,6
DA:80,6
DA:82,6
DA:83,6
DA:84,6
DA:85,6
DA:86,2
DA:87,6
DA:88,1
DA:89,6
DA:90,3
DA:91,6
DA:92,6
DA:94,3
DA:95,3
DA:96,3
DA:97,3
DA:98,3
DA:102,3
DA:103,3
DA:104,3
DA:105,3
DA:106,3
DA:107,3
DA:108,1
DA:109,1
DA:110,1
DA:111,3
DA:112,3
DA:113,3
DA:114,1
DA:115,1
DA:116,3
DA:117,3
DA:118,3
DA:119,1
DA:120,1
DA:121,1
DA:122,3
DA:123,3
DA:124,3
DA:125,2
DA:126,1
DA:127,1
DA:128,3
DA:129,3
DA:130,3
DA:131,1
DA:132,1
DA:133,3
DA:134,3
DA:135,3
DA:136,1
DA:137,1
DA:138,3
DA:139,3
DA:140,3
DA:141,3
DA:142,3
DA:143,3
DA:144,3
BRF:0
BRH:0
LF:118
LH:101
end_of_record
SF:/home/runner/work/package-manifest-generator/package-manifest-generator/Sources/PackageManifestGeneratorCore/SourceModelBuilder.swift
FN:21,$s28PackageManifestGeneratorCore18SourceModelBuilderV14callAsFunction7sources5testsSayAA6TargetVG_SayAA7ProductVGSgtSgSayAA13ConfigurationVyAA0eO0VGGSg_SayAPyAA04TestO0VGGSgtKF
FN:22,$s28PackageManifestGeneratorCore18SourceModelBuilderV14callAsFunction7sources5testsSayAA6TargetVG_SayAA7ProductVGSgtSgSayAA13ConfigurationVyAA0eO0VGGSg_SayAPyAA04TestO0VGGSgtKFSbyKXEfu_
FN:74,$s28PackageManifestGeneratorCore18SourceModelBuilderV14makeDependencyyAA6TargetV0I0OAA0I13ConfigurationVF
FN:85,$s28PackageManifestGeneratorCore18SourceModelBuilderV12makeResourceyAA6TargetV0I0VAA0I13ConfigurationVKF
FN:86,$s28PackageManifestGeneratorCore18SourceModelBuilderV12makeResourceyAA6TargetV0I0VAA0I13ConfigurationVKFSbyKXEfu_
FN:90,$s28PackageManifestGeneratorCore18SourceModelBuilderV12makeResourceyAA6TargetV0I0VAA0I13ConfigurationVKFAH12LocalizationOSgAjKOXEfU_
FN:109,$s28PackageManifestGeneratorCore18SourceModelBuilderV10makeTarget13directoryName10targetType13configurationAA0I0VSS_AI0iM0OAA0I13ConfigurationVSgtKF
FN:110,$s28PackageManifestGeneratorCore18SourceModelBuilderV10makeTarget13directoryName10targetType13configurationAA0I0VSS_AI0iM0OAA0I13ConfigurationVSgtKFAI10DependencyOAA0pO0VcACcfu_
FN:110,$s28PackageManifestGeneratorCore18SourceModelBuilderV10makeTarget13directoryName10targetType13configurationAA0I0VSS_AI0iM0OAA0I13ConfigurationVSgtKFAI10DependencyOAA0pO0VcACcfu_ApRcfu0_
FN:111,$s28PackageManifestGeneratorCore18SourceModelBuilderV10makeTarget13directoryName10targetType13configurationAA0I0VSS_AI0iM0OAA0I13ConfigurationVSgtKFAI8ResourceVAA0pO0VKcACcfu1_
FN:111,$s28PackageManifestGeneratorCore18SourceModelBuilderV10makeTarget13directoryName10targetType13configurationAA0I0VSS_AI0iM0OAA0I13ConfigurationVSgtKFAI8ResourceVAA0pO0VKcACcfu1_ApRKcfu2_
FN:112,$s28PackageManifestGeneratorCore18SourceModelBuilderV10makeTarget13directoryName10targetType13configurationAA0I0VSS_AI0iM0OAA0I13ConfigurationVSgtKFAI11PluginUsageVAA0pqO0VXEfU_
FN:115,$s28PackageManifestGeneratorCore18SourceModelBuilderV10makeTarget13directoryName10targetType13configurationAA0I0VSS_AI0iM0OAA0I13ConfigurationVSgtKFSSyKXEfu3_
FN:117,$s28PackageManifestGeneratorCore18SourceModelBuilderV10makeTarget13directoryName10targetType13configurationAA0I0VSS_AI0iM0OAA0I13ConfigurationVSgtKFSbyKXEfu4_
FN:126,$s28PackageManifestGeneratorCore18SourceModelBuilderV11makeProduct_10targetNameAA0I0VAA0E13ConfigurationVAFV_SStF
FN:135,$s28PackageManifestGeneratorCore18SourceModelBuilderV11makeProduct_10targetNameAA0I0VAA0E13ConfigurationVAFV_SStFSSyKXEfu_
FN:137,$s28PackageManifestGeneratorCore18SourceModelBuilderV11makeProduct_10targetNameAA0I0VAA0E13ConfigurationVAFV_SStFSaySSGyKXEfu0_
FNDA:2,$s28PackageManifestGeneratorCore18SourceModelBuilderV14callAsFunction7sources5testsSayAA6TargetVG_SayAA7ProductVGSgtSgSayAA13ConfigurationVyAA0eO0VGGSg_SayAPyAA04TestO0VGGSgtKF
FNDA:0,$s28PackageManifestGeneratorCore18SourceModelBuilderV14callAsFunction7sources5testsSayAA6TargetVG_SayAA7ProductVGSgtSgSayAA13ConfigurationVyAA0eO0VGGSg_SayAPyAA04TestO0VGGSgtKFSbyKXEfu_
FNDA:3,$s28PackageManifestGeneratorCore18SourceModelBuilderV14makeDependencyyAA6TargetV0I0OAA0I13ConfigurationVF
FNDA:6,$s28PackageManifestGeneratorCore18SourceModelBuilderV12makeResourceyAA6TargetV0I0VAA0I13ConfigurationVKF
FNDA:4,$s28PackageManifestGeneratorCore18SourceModelBuilderV12makeResourceyAA6TargetV0I0VAA0I13ConfigurationVKFSbyKXEfu_
FNDA:1,$s28PackageManifestGeneratorCore18SourceModelBuilderV12makeResourceyAA6TargetV0I0VAA0I13ConfigurationVKFAH12LocalizationOSgAjKOXEfU_
FNDA:5,$s28PackageManifestGeneratorCore18SourceModelBuilderV10makeTarget13directoryName10targetType13configurationAA0I0VSS_AI0iM0OAA0I13ConfigurationVSgtKF
FNDA:0,$s28PackageManifestGeneratorCore18SourceModelBuilderV10makeTarget13directoryName10targetType13configurationAA0I0VSS_AI0iM0OAA0I13ConfigurationVSgtKFAI10DependencyOAA0pO0VcACcfu_
FNDA:0,$s28PackageManifestGeneratorCore18SourceModelBuilderV10makeTarget13directoryName10targetType13configurationAA0I0VSS_AI0iM0OAA0I13ConfigurationVSgtKFAI10DependencyOAA0pO0VcACcfu_ApRcfu0_
FNDA:1,$s28PackageManifestGeneratorCore18SourceModelBuilderV10makeTarget13directoryName10targetType13configurationAA0I0VSS_AI0iM0OAA0I13ConfigurationVSgtKFAI8ResourceVAA0pO0VKcACcfu1_
FNDA:1,$s28PackageManifestGeneratorCore18SourceModelBuilderV10makeTarget13directoryName10targetType13configurationAA0I0VSS_AI0iM0OAA0I13ConfigurationVSgtKFAI8ResourceVAA0pO0VKcACcfu1_ApRKcfu2_
FNDA:0,$s28PackageManifestGeneratorCore18SourceModelBuilderV10makeTarget13directoryName10targetType13configurationAA0I0VSS_AI0iM0OAA0I13ConfigurationVSgtKFAI11PluginUsageVAA0pqO0VXEfU_
FNDA:1,$s28PackageManifestGeneratorCore18SourceModelBuilderV10makeTarget13directoryName10targetType13configurationAA0I0VSS_AI0iM0OAA0I13ConfigurationVSgtKFSSyKXEfu3_
FNDA:4,$s28PackageManifestGeneratorCore18SourceModelBuilderV10makeTarget13directoryName10targetType13configurationAA0I0VSS_AI0iM0OAA0I13ConfigurationVSgtKFSbyKXEfu4_
FNDA:5,$s28PackageManifestGeneratorCore18SourceModelBuilderV11makeProduct_10targetNameAA0I0VAA0E13ConfigurationVAFV_SStF
FNDA:1,$s28PackageManifestGeneratorCore18SourceModelBuilderV11makeProduct_10targetNameAA0I0VAA0E13ConfigurationVAFV_SStFSSyKXEfu_
FNDA:1,$s28PackageManifestGeneratorCore18SourceModelBuilderV11makeProduct_10targetNameAA0I0VAA0E13ConfigurationVAFV_SStFSaySSGyKXEfu0_
FNF:15
FNH:12
DA:21,2
DA:22,2
DA:23,0
DA:24,2
DA:25,2
DA:26,2
DA:27,2
DA:28,2
DA:29,2
DA:30,2
DA:31,2
DA:32,2
DA:33,2
DA:34,2
DA:35,2
DA:36,2
DA:37,2
DA:38,2
DA:39,2
DA:40,2
DA:41,2
DA:42,1
DA:43,1
DA:44,1
DA:45,1
DA:46,1
DA:47,1
DA:48,1
DA:49,1
DA:50,1
DA:51,1
DA:52,1
DA:53,1
DA:54,1
DA:55,1
DA:56,1
DA:57,1
DA:58,1
DA:59,1
DA:60,1
DA:61,1
DA:62,1
DA:63,1
DA:64,0
DA:65,1
DA:66,1
DA:67,1
DA:68,1
DA:69,1
DA:70,2
DA:74,3
DA:75,3
DA:76,3
DA:77,1
DA:78,3
DA:79,1
DA:80,3
DA:81,1
DA:82,3
DA:83,3
DA:85,6
DA:86,6
DA:87,2
DA:88,4
DA:89,4
DA:90,4
DA:91,1
DA:92,1
DA:93,1
DA:94,1
DA:95,1
DA:96,4
DA:97,4
DA:98,4
DA:99,4
DA:100,4
DA:101,4
DA:102,4
DA:103,6
DA:109,5
DA:110,5
DA:111,5
DA:112,4
DA:113,4
DA:114,4
DA:115,4
DA:116,4
DA:117,4
DA:118,4
DA:119,4
DA:120,4
DA:121,4
DA:122,4
DA:123,4
DA:124,5
DA:126,5
DA:127,5
DA:128,5
DA:129,5
DA:130,5
DA:131,5
DA:132,5
DA:133,5
DA:134,5
DA:135,5
DA:136,5
DA:137,5
DA:138,5
BRF:0
BRH:0
LF:123
LH:118
end_of_record
